2022-06-19 22:39:12 [main] INFO  c.d.s.d.DebijenkorfServiceApplication - Starting DebijenkorfServiceApplication using Java 11.0.12 on Egbes-MacBook-Pro.local with PID 47214 (/Users/megbe/Documents/microservice-1/debijenkorf-service/target/classes started by megbe in /Users/megbe/Documents/microservice-1/debijenkorf-service)
2022-06-19 22:39:12 [main] INFO  c.d.s.d.DebijenkorfServiceApplication - The following 1 profile is active: "dev"
2022-06-19 22:39:14 [main] INFO  o.s.d.r.c.RepositoryConfigurationDelegate - Bootstrapping Spring Data JPA repositories in DEFAULT mode.
2022-06-19 22:39:14 [main] INFO  o.s.d.r.c.RepositoryConfigurationDelegate - Finished Spring Data repository scanning in 12 ms. Found 0 JPA repository interfaces.
2022-06-19 22:39:23 [main] INFO  o.s.c.s.PostProcessorRegistrationDelegate$BeanPostProcessorChecker - Bean '(inner bean)#7724704f' of type [com.amazonaws.auth.EC2ContainerCredentialsProviderWrapper] is not eligible for getting processed by all BeanPostProcessors (for example: not eligible for auto-proxying)
2022-06-19 22:39:23 [main] INFO  o.s.c.s.PostProcessorRegistrationDelegate$BeanPostProcessorChecker - Bean '(inner bean)#5e7c141d' of type [com.amazonaws.auth.profile.ProfileCredentialsProvider] is not eligible for getting processed by all BeanPostProcessors (for example: not eligible for auto-proxying)
2022-06-19 22:39:23 [main] INFO  o.s.c.s.PostProcessorRegistrationDelegate$BeanPostProcessorChecker - Bean 'credentialsProvider' of type [org.springframework.cloud.aws.core.credentials.CredentialsProviderFactoryBean] is not eligible for getting processed by all BeanPostProcessors (for example: not eligible for auto-proxying)
2022-06-19 22:39:23 [main] INFO  o.s.c.s.PostProcessorRegistrationDelegate$BeanPostProcessorChecker - Bean 'credentialsProvider' of type [com.amazonaws.auth.AWSCredentialsProviderChain] is not eligible for getting processed by all BeanPostProcessors (for example: not eligible for auto-proxying)
2022-06-19 22:39:23 [main] INFO  o.s.b.w.e.tomcat.TomcatWebServer - Tomcat initialized with port(s): 8080 (http)
2022-06-19 22:39:23 [main] INFO  o.a.coyote.http11.Http11NioProtocol - Initializing ProtocolHandler ["http-nio-8080"]
2022-06-19 22:39:23 [main] INFO  o.a.catalina.core.StandardService - Starting service [Tomcat]
2022-06-19 22:39:23 [main] INFO  o.a.catalina.core.StandardEngine - Starting Servlet engine: [Apache Tomcat/9.0.63]
2022-06-19 22:39:23 [main] INFO  o.a.c.c.C.[Tomcat].[localhost].[/] - Initializing Spring embedded WebApplicationContext
2022-06-19 22:39:23 [main] INFO  o.s.b.w.s.c.ServletWebServerApplicationContext - Root WebApplicationContext: initialization completed in 10511 ms
2022-06-19 22:39:23 [main] INFO  com.zaxxer.hikari.HikariDataSource - HikariPool-1 - Starting...
2022-06-19 22:39:23 [main] INFO  com.zaxxer.hikari.HikariDataSource - HikariPool-1 - Start completed.
2022-06-19 22:39:23 [main] INFO  o.s.b.a.h.H2ConsoleAutoConfiguration - H2 console available at '/h2-console'. Database available at 'jdbc:h2:mem:logdb'
2022-06-19 22:39:23 [main] INFO  o.h.jpa.internal.util.LogHelper - HHH000204: Processing PersistenceUnitInfo [name: default]
2022-06-19 22:39:23 [main] INFO  org.hibernate.Version - HHH000412: Hibernate ORM core version 5.6.9.Final
2022-06-19 22:39:23 [main] INFO  o.h.annotations.common.Version - HCANN000001: Hibernate Commons Annotations {5.1.2.Final}
2022-06-19 22:39:24 [main] INFO  org.hibernate.dialect.Dialect - HHH000400: Using dialect: org.hibernate.dialect.H2Dialect
2022-06-19 22:39:24 [main] INFO  o.h.e.t.j.p.i.JtaPlatformInitiator - HHH000490: Using JtaPlatform implementation: [org.hibernate.engine.transaction.jta.platform.internal.NoJtaPlatform]
2022-06-19 22:39:24 [main] INFO  o.s.o.j.LocalContainerEntityManagerFactoryBean - Initialized JPA EntityManagerFactory for persistence unit 'default'
2022-06-19 22:39:24 [main] WARN  o.s.b.a.o.j.JpaBaseConfiguration$JpaWebConfiguration - spring.jpa.open-in-view is enabled by default. Therefore, database queries may be performed during view rendering. Explicitly configure spring.jpa.open-in-view to disable this warning
2022-06-19 22:39:25 [main] INFO  o.a.coyote.http11.Http11NioProtocol - Starting ProtocolHandler ["http-nio-8080"]
2022-06-19 22:39:25 [main] INFO  o.s.b.w.e.tomcat.TomcatWebServer - Tomcat started on port(s): 8080 (http) with context path ''
2022-06-19 22:39:25 [main] INFO  c.d.s.d.DebijenkorfServiceApplication - Started DebijenkorfServiceApplication in 18.213 seconds (JVM running for 18.964)
2022-06-19 22:40:15 [http-nio-8080-exec-1] INFO  o.a.c.c.C.[Tomcat].[localhost].[/] - Initializing Spring DispatcherServlet 'dispatcherServlet'
2022-06-19 22:40:15 [http-nio-8080-exec-1] INFO  o.s.web.servlet.DispatcherServlet - Initializing Servlet 'dispatcherServlet'
2022-06-19 22:40:15 [http-nio-8080-exec-1] INFO  o.s.web.servlet.DispatcherServlet - Completed initialization in 1 ms
2022-06-19 22:44:49 [http-nio-8080-exec-6] INFO  c.d.s.d.s.s3.AmazonS3ServiceImpl - START: Uploading file new-tour-4.jpg to s3 bucket. Bucket name - de-bijenkorf, keyNameoriginal/new-/tour/new-tour-4.jpg
2022-06-19 22:44:52 [http-nio-8080-exec-6] INFO  c.d.s.d.s.s3.AmazonS3ServiceImpl - END: Filenew-tour-4.jpg uploaded to s3 bucket. Bucket name - de-bijenkorf, keyNameoriginal/new-/tour/new-tour-4.jpg
2022-06-19 22:48:53 [SpringApplicationShutdownHook] INFO  o.s.o.j.LocalContainerEntityManagerFactoryBean - Closing JPA EntityManagerFactory for persistence unit 'default'
2022-06-19 22:48:53 [SpringApplicationShutdownHook] INFO  com.zaxxer.hikari.HikariDataSource - HikariPool-1 - Shutdown initiated...
2022-06-19 22:48:53 [SpringApplicationShutdownHook] INFO  com.zaxxer.hikari.HikariDataSource - HikariPool-1 - Shutdown completed.
